
    <html>
    <head>
        <title>Car Marketplace Report</title>
        <link rel="stylesheet" href="https://cdn.jsdelivr.net/npm/bootstrap@5.3.2/dist/css/bootstrap.min.css">
        <style>
            body { padding: 20px; font-family: Arial, sans-serif; }
            h1, h2 { margin-top: 30px; }
            pre { background-color: #f8f9fa; padding: 10px; border-radius: 5px; }
        </style>
    </head>
    <body>
        <div class="container">
        <h1 class="text-center mb-4">Car Marketplace Business Report</h1>
    
<h2>Average Price by Manufacturer</h2>
<p>Shows the average price of cars for each manufacturer to identify high-value brands.</p>
<table class="dataframe table table-striped table-hover">
  <thead>
    <tr style="text-align: right;">
      <th>manufacturer</th>
      <th>total_cars</th>
      <th>avg_price</th>
    </tr>
  </thead>
  <tbody>
    <tr>
      <td>Land</td>
      <td>1</td>
      <td>132000.000000000000</td>
    </tr>
    <tr>
      <td>Porsche</td>
      <td>5</td>
      <td>41900.000000000000</td>
    </tr>
    <tr>
      <td>Chevrolet</td>
      <td>8</td>
      <td>32862.500000000000</td>
    </tr>
    <tr>
      <td>Jeep</td>
      <td>9</td>
      <td>30166.666666666667</td>
    </tr>
    <tr>
      <td>VAZ</td>
      <td>2</td>
      <td>26000.000000000000</td>
    </tr>
    <tr>
      <td>Hyundai</td>
      <td>15</td>
      <td>20693.333333333333</td>
    </tr>
    <tr>
      <td>Zeekr</td>
      <td>1</td>
      <td>20500.000000000000</td>
    </tr>
    <tr>
      <td>Dodge</td>
      <td>9</td>
      <td>19533.333333333333</td>
    </tr>
    <tr>
      <td>Nissan</td>
      <td>14</td>
      <td>18721.428571428571</td>
    </tr>
    <tr>
      <td>BMW</td>
      <td>16</td>
      <td>18643.750000000000</td>
    </tr>
    <tr>
      <td>Genesis</td>
      <td>1</td>
      <td>17700.0000000000000000</td>
    </tr>
    <tr>
      <td>Kia</td>
      <td>13</td>
      <td>14138.461538461538</td>
    </tr>
    <tr>
      <td>Mazda</td>
      <td>9</td>
      <td>13200.000000000000</td>
    </tr>
    <tr>
      <td>Toyota</td>
      <td>30</td>
      <td>12560.000000000000</td>
    </tr>
    <tr>
      <td>Mercedes-Benz</td>
      <td>13</td>
      <td>12507.692307692308</td>
    </tr>
    <tr>
      <td>Ford</td>
      <td>8</td>
      <td>11962.500000000000</td>
    </tr>
    <tr>
      <td>Tesla</td>
      <td>3</td>
      <td>9866.6666666666666667</td>
    </tr>
    <tr>
      <td>Honda</td>
      <td>1</td>
      <td>7400.0000000000000000</td>
    </tr>
    <tr>
      <td>Chrysler</td>
      <td>1</td>
      <td>7300.0000000000000000</td>
    </tr>
    <tr>
      <td>Subaru</td>
      <td>10</td>
      <td>6030.0000000000000000</td>
    </tr>
    <tr>
      <td>Lexus</td>
      <td>12</td>
      <td>5741.6666666666666667</td>
    </tr>
    <tr>
      <td>Opel</td>
      <td>1</td>
      <td>4800.0000000000000000</td>
    </tr>
    <tr>
      <td>Mitsubishi</td>
      <td>1</td>
      <td>3600.0000000000000000</td>
    </tr>
  </tbody>
</table>
<h2>Top 5 Most Expensive Cars</h2>
<p>Find the top 5 most expensive cars across all manufacturers.</p>
<table class="dataframe table table-striped table-hover">
  <thead>
    <tr style="text-align: right;">
      <th>manufacturer</th>
      <th>model_name</th>
      <th>year</th>
      <th>price</th>
    </tr>
  </thead>
  <tbody>
    <tr>
      <td>Jeep</td>
      <td>Cherokee</td>
      <td>2018</td>
      <td>229000</td>
    </tr>
    <tr>
      <td>Land</td>
      <td>Rover Range Rover</td>
      <td>2023</td>
      <td>132000</td>
    </tr>
    <tr>
      <td>Hyundai</td>
      <td>Kona</td>
      <td>2021</td>
      <td>123900</td>
    </tr>
    <tr>
      <td>Chevrolet</td>
      <td>Cruze</td>
      <td>2019</td>
      <td>115600</td>
    </tr>
    <tr>
      <td>Dodge</td>
      <td>Charger</td>
      <td>2021</td>
      <td>114000</td>
    </tr>
  </tbody>
</table>
<h2>High Mileage & High Price Cars</h2>
<p>Identify cars that have high mileage but still maintain high market value.</p>
<table class="dataframe table table-striped table-hover">
  <thead>
    <tr style="text-align: right;">
      <th>manufacturer</th>
      <th>model_name</th>
      <th>mileage</th>
      <th>price</th>
    </tr>
  </thead>
  <tbody>
    <tr>
      <td>Ford</td>
      <td>F150</td>
      <td>207604.86</td>
      <td>48000</td>
    </tr>
    <tr>
      <td>Mercedes-Benz</td>
      <td>G 500</td>
      <td>235000.0</td>
      <td>26000</td>
    </tr>
    <tr>
      <td>BMW</td>
      <td>X3</td>
      <td>273587.8</td>
      <td>19000</td>
    </tr>
    <tr>
      <td>BMW</td>
      <td>750</td>
      <td>204386.18</td>
      <td>18900</td>
    </tr>
    <tr>
      <td>Kia</td>
      <td>Sorento</td>
      <td>255885.06</td>
      <td>17000</td>
    </tr>
    <tr>
      <td>Ford</td>
      <td>Transit</td>
      <td>230000.0</td>
      <td>13000</td>
    </tr>
    <tr>
      <td>Toyota</td>
      <td>Vitz</td>
      <td>217000.0</td>
      <td>13000</td>
    </tr>
    <tr>
      <td>Kia</td>
      <td>Sorento</td>
      <td>280025.16</td>
      <td>11500</td>
    </tr>
  </tbody>
</table>
<h2>Average Price by Engine Type</h2>
<p>Analyze average prices for different engine types to inform pricing strategy.</p>
<table class="dataframe table table-striped table-hover">
  <thead>
    <tr style="text-align: right;">
      <th>engine</th>
      <th>total_cars</th>
      <th>avg_price</th>
    </tr>
  </thead>
  <tbody>
    <tr>
      <td>Բենզին</td>
      <td>164</td>
      <td>16104.268292682927</td>
    </tr>
  </tbody>
</table>
<h2>Year-Over-Year Price Trend</h2>
<p>Show how average car prices change year over year to detect trends.</p>
<table class="dataframe table table-striped table-hover">
  <thead>
    <tr style="text-align: right;">
      <th>year</th>
      <th>avg_price</th>
      <th>price_change</th>
    </tr>
  </thead>
  <tbody>
    <tr>
      <td>1999</td>
      <td>4800.0000000000000000</td>
      <td>None</td>
    </tr>
    <tr>
      <td>2002</td>
      <td>13000.0000000000000000</td>
      <td>8200.0000000000000000</td>
    </tr>
    <tr>
      <td>2005</td>
      <td>13000.0000000000000000</td>
      <td>0E-16</td>
    </tr>
    <tr>
      <td>2006</td>
      <td>8800.0000000000000000</td>
      <td>-4200.0000000000000000</td>
    </tr>
    <tr>
      <td>2007</td>
      <td>40333.333333333333</td>
      <td>31533.3333333333330000</td>
    </tr>
    <tr>
      <td>2008</td>
      <td>13225.000000000000</td>
      <td>-27108.333333333333</td>
    </tr>
    <tr>
      <td>2011</td>
      <td>11200.0000000000000000</td>
      <td>-2025.0000000000000000</td>
    </tr>
    <tr>
      <td>2012</td>
      <td>9500.0000000000000000</td>
      <td>-1700.0000000000000000</td>
    </tr>
    <tr>
      <td>2013</td>
      <td>44500.000000000000</td>
      <td>35000.0000000000000000</td>
    </tr>
    <tr>
      <td>2015</td>
      <td>9800.0000000000000000</td>
      <td>-34700.0000000000000000</td>
    </tr>
    <tr>
      <td>2016</td>
      <td>7300.0000000000000000</td>
      <td>-2500.0000000000000000</td>
    </tr>
    <tr>
      <td>2017</td>
      <td>44000.000000000000</td>
      <td>36700.0000000000000000</td>
    </tr>
    <tr>
      <td>2018</td>
      <td>20070.833333333333</td>
      <td>-23929.166666666667</td>
    </tr>
    <tr>
      <td>2019</td>
      <td>10135.1351351351351351</td>
      <td>-9935.6981981981978649</td>
    </tr>
    <tr>
      <td>2020</td>
      <td>17335.294117647059</td>
      <td>7200.1589825119238649</td>
    </tr>
    <tr>
      <td>2021</td>
      <td>22286.842105263158</td>
      <td>4951.547987616099</td>
    </tr>
    <tr>
      <td>2022</td>
      <td>10626.315789473684</td>
      <td>-11660.526315789474</td>
    </tr>
    <tr>
      <td>2023</td>
      <td>43875.000000000000</td>
      <td>33248.684210526316</td>
    </tr>
    <tr>
      <td>2024</td>
      <td>5220.0000000000000000</td>
      <td>-38655.0000000000000000</td>
    </tr>
    <tr>
      <td>2025</td>
      <td>15750.000000000000</td>
      <td>10530.0000000000000000</td>
    </tr>
  </tbody>
</table>
<h2>Rank Models by Price</h2>
<p>Rank models within each manufacturer by average price.</p>
<table class="dataframe table table-striped table-hover">
  <thead>
    <tr style="text-align: right;">
      <th>manufacturer</th>
      <th>model_name</th>
      <th>avg_price</th>
      <th>price_rank</th>
    </tr>
  </thead>
  <tbody>
    <tr>
      <td>BMW</td>
      <td>M5</td>
      <td>52000.000000000000</td>
      <td>1</td>
    </tr>
    <tr>
      <td>BMW</td>
      <td>X5</td>
      <td>25128.571428571429</td>
      <td>2</td>
    </tr>
    <tr>
      <td>BMW</td>
      <td>750</td>
      <td>18900.0000000000000000</td>
      <td>3</td>
    </tr>
    <tr>
      <td>BMW</td>
      <td>X3</td>
      <td>11600.0000000000000000</td>
      <td>4</td>
    </tr>
    <tr>
      <td>BMW</td>
      <td>318</td>
      <td>4800.0000000000000000</td>
      <td>5</td>
    </tr>
    <tr>
      <td>BMW</td>
      <td>iX</td>
      <td>4700.0000000000000000</td>
      <td>6</td>
    </tr>
    <tr>
      <td>BMW</td>
      <td>X6</td>
      <td>3600.0000000000000000</td>
      <td>7</td>
    </tr>
    <tr>
      <td>Chevrolet</td>
      <td>Cruze</td>
      <td>60500.000000000000</td>
      <td>1</td>
    </tr>
    <tr>
      <td>Chevrolet</td>
      <td>Volt</td>
      <td>44500.000000000000</td>
      <td>2</td>
    </tr>
    <tr>
      <td>Chevrolet</td>
      <td>Malibu</td>
      <td>16933.333333333333</td>
      <td>3</td>
    </tr>
    <tr>
      <td>Chevrolet</td>
      <td>Equinox</td>
      <td>2100.0000000000000000</td>
      <td>4</td>
    </tr>
    <tr>
      <td>Chrysler</td>
      <td>200</td>
      <td>7300.0000000000000000</td>
      <td>1</td>
    </tr>
    <tr>
      <td>Dodge</td>
      <td>Charger</td>
      <td>72000.000000000000</td>
      <td>1</td>
    </tr>
    <tr>
      <td>Dodge</td>
      <td>Journey</td>
      <td>5750.0000000000000000</td>
      <td>2</td>
    </tr>
    <tr>
      <td>Dodge</td>
      <td>Challenger</td>
      <td>2933.3333333333333333</td>
      <td>3</td>
    </tr>
    <tr>
      <td>Ford</td>
      <td>F150</td>
      <td>48000.000000000000</td>
      <td>1</td>
    </tr>
    <tr>
      <td>Ford</td>
      <td>Fusion</td>
      <td>10000.0000000000000000</td>
      <td>2</td>
    </tr>
    <tr>
      <td>Ford</td>
      <td>Focus</td>
      <td>9800.0000000000000000</td>
      <td>3</td>
    </tr>
    <tr>
      <td>Ford</td>
      <td>Transit</td>
      <td>9200.0000000000000000</td>
      <td>4</td>
    </tr>
    <tr>
      <td>Ford</td>
      <td>Escape</td>
      <td>6000.0000000000000000</td>
      <td>5</td>
    </tr>
    <tr>
      <td>Ford</td>
      <td>Fiesta</td>
      <td>1750.0000000000000000</td>
      <td>6</td>
    </tr>
    <tr>
      <td>Genesis</td>
      <td>G70</td>
      <td>17700.0000000000000000</td>
      <td>1</td>
    </tr>
    <tr>
      <td>Honda</td>
      <td>Accord</td>
      <td>7400.0000000000000000</td>
      <td>1</td>
    </tr>
    <tr>
      <td>Hyundai</td>
      <td>Kona</td>
      <td>49466.666666666667</td>
      <td>1</td>
    </tr>
    <tr>
      <td>Hyundai</td>
      <td>Sonata</td>
      <td>17500.000000000000</td>
      <td>2</td>
    </tr>
    <tr>
      <td>Hyundai</td>
      <td>Elantra</td>
      <td>16500.000000000000</td>
      <td>3</td>
    </tr>
    <tr>
      <td>Hyundai</td>
      <td>Tucson</td>
      <td>6500.0000000000000000</td>
      <td>4</td>
    </tr>
    <tr>
      <td>Jeep</td>
      <td>Cherokee</td>
      <td>36028.571428571429</td>
      <td>1</td>
    </tr>
    <tr>
      <td>Jeep</td>
      <td>Wrangler</td>
      <td>9650.0000000000000000</td>
      <td>2</td>
    </tr>
    <tr>
      <td>Kia</td>
      <td>Sportage</td>
      <td>19733.333333333333</td>
      <td>1</td>
    </tr>
    <tr>
      <td>Kia</td>
      <td>Stinger</td>
      <td>18500.0000000000000000</td>
      <td>2</td>
    </tr>
    <tr>
      <td>Kia</td>
      <td>Forte</td>
      <td>17125.000000000000</td>
      <td>3</td>
    </tr>
    <tr>
      <td>Kia</td>
      <td>Sorento</td>
      <td>10000.0000000000000000</td>
      <td>4</td>
    </tr>
    <tr>
      <td>Kia</td>
      <td>K5</td>
      <td>4100.0000000000000000</td>
      <td>5</td>
    </tr>
    <tr>
      <td>Kia</td>
      <td>Rio</td>
      <td>3500.0000000000000000</td>
      <td>6</td>
    </tr>
    <tr>
      <td>Land</td>
      <td>Rover Range Rover</td>
      <td>132000.000000000000</td>
      <td>1</td>
    </tr>
    <tr>
      <td>Lexus</td>
      <td>LX 570</td>
      <td>10500.0000000000000000</td>
      <td>1</td>
    </tr>
    <tr>
      <td>Lexus</td>
      <td>ES 350</td>
      <td>8250.0000000000000000</td>
      <td>2</td>
    </tr>
    <tr>
      <td>Lexus</td>
      <td>IS 250</td>
      <td>7700.0000000000000000</td>
      <td>3</td>
    </tr>
    <tr>
      <td>Lexus</td>
      <td>NX 300h</td>
      <td>7000.0000000000000000</td>
      <td>4</td>
    </tr>
    <tr>
      <td>Lexus</td>
      <td>RX 350</td>
      <td>4675.0000000000000000</td>
      <td>5</td>
    </tr>
    <tr>
      <td>Lexus</td>
      <td>ES 300h</td>
      <td>3000.0000000000000000</td>
      <td>6</td>
    </tr>
    <tr>
      <td>Lexus</td>
      <td>GX 460</td>
      <td>3000.0000000000000000</td>
      <td>6</td>
    </tr>
    <tr>
      <td>Lexus</td>
      <td>IS 300</td>
      <td>2500.0000000000000000</td>
      <td>8</td>
    </tr>
    <tr>
      <td>Mazda</td>
      <td>6</td>
      <td>23500.000000000000</td>
      <td>1</td>
    </tr>
    <tr>
      <td>Mazda</td>
      <td>3</td>
      <td>21800.000000000000</td>
      <td>2</td>
    </tr>
    <tr>
      <td>Mazda</td>
      <td>CX5</td>
      <td>15666.666666666667</td>
      <td>3</td>
    </tr>
    <tr>
      <td>Mazda</td>
      <td>CX 30</td>
      <td>6625.0000000000000000</td>
      <td>4</td>
    </tr>
    <tr>
      <td>Mercedes-Benz</td>
      <td>E 300</td>
      <td>47000.000000000000</td>
      <td>1</td>
    </tr>
    <tr>
      <td>Mercedes-Benz</td>
      <td>G 500</td>
      <td>16350.000000000000</td>
      <td>2</td>
    </tr>
    <tr>
      <td>Mercedes-Benz</td>
      <td>S 580</td>
      <td>14700.0000000000000000</td>
      <td>3</td>
    </tr>
    <tr>
      <td>Mercedes-Benz</td>
      <td>CLS 450</td>
      <td>12800.0000000000000000</td>
      <td>4</td>
    </tr>
    <tr>
      <td>Mercedes-Benz</td>
      <td>GLS 600 Maybach</td>
      <td>11000.0000000000000000</td>
      <td>5</td>
    </tr>
    <tr>
      <td>Mercedes-Benz</td>
      <td>Sprinter</td>
      <td>9500.0000000000000000</td>
      <td>6</td>
    </tr>
    <tr>
      <td>Mercedes-Benz</td>
      <td>C 300</td>
      <td>6766.6666666666666667</td>
      <td>7</td>
    </tr>
    <tr>
      <td>Mercedes-Benz</td>
      <td>SLK 350</td>
      <td>6100.0000000000000000</td>
      <td>8</td>
    </tr>
    <tr>
      <td>Mercedes-Benz</td>
      <td>CLA 250</td>
      <td>4500.0000000000000000</td>
      <td>9</td>
    </tr>
    <tr>
      <td>Mercedes-Benz</td>
      <td>E 350</td>
      <td>4000.0000000000000000</td>
      <td>10</td>
    </tr>
    <tr>
      <td>Mitsubishi</td>
      <td>Outlander</td>
      <td>3600.0000000000000000</td>
      <td>1</td>
    </tr>
    <tr>
      <td>Nissan</td>
      <td>Rogue</td>
      <td>38650.000000000000</td>
      <td>1</td>
    </tr>
    <tr>
      <td>Nissan</td>
      <td>Versa</td>
      <td>12350.0000000000000000</td>
      <td>2</td>
    </tr>
    <tr>
      <td>Nissan</td>
      <td>Sentra</td>
      <td>11150.0000000000000000</td>
      <td>3</td>
    </tr>
    <tr>
      <td>Nissan</td>
      <td>Murano</td>
      <td>8950.0000000000000000</td>
      <td>4</td>
    </tr>
    <tr>
      <td>Opel</td>
      <td>Zafira</td>
      <td>4800.0000000000000000</td>
      <td>1</td>
    </tr>
    <tr>
      <td>Porsche</td>
      <td>Cayenne</td>
      <td>59166.666666666667</td>
      <td>1</td>
    </tr>
    <tr>
      <td>Porsche</td>
      <td>Macan</td>
      <td>16000.000000000000</td>
      <td>2</td>
    </tr>
    <tr>
      <td>Subaru</td>
      <td>Impreza</td>
      <td>9500.0000000000000000</td>
      <td>1</td>
    </tr>
    <tr>
      <td>Subaru</td>
      <td>Forester</td>
      <td>6150.0000000000000000</td>
      <td>2</td>
    </tr>
    <tr>
      <td>Subaru</td>
      <td>Outback</td>
      <td>5300.0000000000000000</td>
      <td>3</td>
    </tr>
    <tr>
      <td>Subaru</td>
      <td>Legacy</td>
      <td>4740.0000000000000000</td>
      <td>4</td>
    </tr>
    <tr>
      <td>Tesla</td>
      <td>Model 3</td>
      <td>18000.0000000000000000</td>
      <td>1</td>
    </tr>
    <tr>
      <td>Tesla</td>
      <td>Model Y</td>
      <td>5800.0000000000000000</td>
      <td>2</td>
    </tr>
    <tr>
      <td>Toyota</td>
      <td>Rav 4</td>
      <td>17450.000000000000</td>
      <td>1</td>
    </tr>
    <tr>
      <td>Toyota</td>
      <td>Camry</td>
      <td>14816.666666666667</td>
      <td>2</td>
    </tr>
    <tr>
      <td>Toyota</td>
      <td>Vitz</td>
      <td>13000.0000000000000000</td>
      <td>3</td>
    </tr>
    <tr>
      <td>Toyota</td>
      <td>Corolla</td>
      <td>11450.000000000000</td>
      <td>4</td>
    </tr>
    <tr>
      <td>Toyota</td>
      <td>C-HR</td>
      <td>7520.0000000000000000</td>
      <td>5</td>
    </tr>
    <tr>
      <td>Toyota</td>
      <td>Tundra</td>
      <td>3800.0000000000000000</td>
      <td>6</td>
    </tr>
    <tr>
      <td>Toyota</td>
      <td>Highlander</td>
      <td>2300.0000000000000000</td>
      <td>7</td>
    </tr>
    <tr>
      <td>VAZ</td>
      <td>(Lada) 2107</td>
      <td>35000.000000000000</td>
      <td>1</td>
    </tr>
    <tr>
      <td>VAZ</td>
      <td>(Lada) NIVA Legend</td>
      <td>17000.0000000000000000</td>
      <td>2</td>
    </tr>
    <tr>
      <td>Zeekr</td>
      <td>9X Ultra</td>
      <td>20500.000000000000</td>
      <td>1</td>
    </tr>
  </tbody>
</table>
<h2>Recent Cars Partition (2018-2024)</h2>
<p>Aggregate summary for recent cars based on year partitioning.</p>
<table class="dataframe table table-striped table-hover">
  <thead>
    <tr style="text-align: right;">
      <th>total_recent_cars</th>
      <th>avg_price</th>
    </tr>
  </thead>
  <tbody>
    <tr>
      <td>161</td>
      <td>16748.447204968944</td>
    </tr>
  </tbody>
</table>
<h2>Models with No Cars</h2>
<p>List models that currently have no cars listed in the marketplace.</p>
<table class="dataframe table table-striped table-hover">
  <thead>
    <tr style="text-align: right;">
      <th>manufacturer</th>
      <th>model_name</th>
    </tr>
  </thead>
  <tbody>
  </tbody>
</table>
<h2>Custom Clearance Distribution</h2>
<p>Show distribution of custom clearance status for business compliance insights.</p>
<table class="dataframe table table-striped table-hover">
  <thead>
    <tr style="text-align: right;">
      <th>clearance_status</th>
      <th>total_cars</th>
    </tr>
  </thead>
  <tbody>
    <tr>
      <td>Partially cleared</td>
      <td>132</td>
    </tr>
    <tr>
      <td>Cleared</td>
      <td>51</td>
    </tr>
  </tbody>
</table>

        <h2>EXPLAIN Average Price by Manufacturer</h2>
        <p>EXPLAIN ANALYZE for performance evaluation.</p>
        <button class="btn btn-sm btn-primary mb-2" type="button" data-bs-toggle="collapse" data-bs-target="#explain0" aria-expanded="false" aria-controls="explain0">
            Show/Hide EXPLAIN ANALYZE
        </button>
        <div class="collapse" id="explain0">
            <pre>Sort  (cost=91.51..92.31 rows=320 width=258) (actual time=0.110..0.111 rows=23 loops=1)
  Sort Key: (avg(c.price)) DESC
  Sort Method: quicksort  Memory: 26kB
  ->  HashAggregate  (cost=74.19..78.19 rows=320 width=258) (actual time=0.099..0.105 rows=23 loops=1)
        Group Key: mfr.name
        Batches: 1  Memory Usage: 37kB
        ->  Hash Join  (cost=31.92..68.19 rows=800 width=226) (actual time=0.021..0.079 rows=183 loops=1)
              Hash Cond: (mdl.manufacturer_id = mfr.id)
              ->  Hash Join  (cost=14.72..48.87 rows=800 width=12) (actual time=0.014..0.046 rows=183 loops=1)
                    Hash Cond: (c.model_id = mdl.id)
                    ->  Append  (cost=0.00..32.00 rows=800 width=12) (actual time=0.001..0.018 rows=183 loops=1)
                          ->  Seq Scan on cars_2010_2019 c_1  (cost=0.00..14.00 rows=400 width=12) (actual time=0.001..0.001 rows=2 loops=1)
                          ->  Seq Scan on cars_2020_2029 c_2  (cost=0.00..14.00 rows=400 width=12) (actual time=0.001..0.010 rows=181 loops=1)
                    ->  Hash  (cost=12.10..12.10 rows=210 width=8) (actual time=0.009..0.009 rows=88 loops=1)
                          Buckets: 1024  Batches: 1  Memory Usage: 12kB
                          ->  Seq Scan on models mdl  (cost=0.00..12.10 rows=210 width=8) (actual time=0.001..0.005 rows=88 loops=1)
              ->  Hash  (cost=13.20..13.20 rows=320 width=222) (actual time=0.005..0.005 rows=23 loops=1)
                    Buckets: 1024  Batches: 1  Memory Usage: 9kB
                    ->  Seq Scan on manufacturers mfr  (cost=0.00..13.20 rows=320 width=222) (actual time=0.002..0.003 rows=23 loops=1)
Planning Time: 0.065 ms
Execution Time: 0.124 ms</pre>
        </div>
        

        <h2>EXPLAIN Recent Cars Partition</h2>
        <p>EXPLAIN ANALYZE for partition query optimization.</p>
        <button class="btn btn-sm btn-primary mb-2" type="button" data-bs-toggle="collapse" data-bs-target="#explain1" aria-expanded="false" aria-controls="explain1">
            Show/Hide EXPLAIN ANALYZE
        </button>
        <div class="collapse" id="explain1">
            <pre>Aggregate  (cost=9.53..9.54 rows=1 width=40) (actual time=0.023..0.023 rows=1 loops=1)
  ->  Bitmap Heap Scan on cars_2020_2029 cars  (cost=4.17..9.51 rows=2 width=4) (actual time=0.011..0.018 rows=161 loops=1)
        Recheck Cond: ((year >= 2018) AND (year <= 2024))
        Heap Blocks: exact=2
        ->  Bitmap Index Scan on cars_2020_2029_year_idx  (cost=0.00..4.17 rows=2 width=0) (actual time=0.008..0.008 rows=161 loops=1)
              Index Cond: ((year >= 2018) AND (year <= 2024))
Planning Time: 0.047 ms
Execution Time: 0.032 ms</pre>
        </div>
        

        </div>
        <script src="https://cdn.jsdelivr.net/npm/bootstrap@5.3.2/dist/js/bootstrap.bundle.min.js"></script>
    </body>
    </html>
    